# JRE version: Java(TM) SE Runtime Environment (21.0.7+8) (build 21.0.7+8-LTS-245)
# Java VM: Java HotSpot(TM) 64-Bit Server VM (21.0.7+8-LTS-245, mixed mode, sharing, tiered, compressed oops, compressed class ptrs, g1 gc, windows-amd64)
GC Precious Log:
 CardTable entry size: 512
 Card Set container configuration: InlinePtr #cards 4 size 8 Array Of Cards #cards 16 size 48 Howl #buckets 8 coarsen threshold 3686 Howl Bitmap #cards 512 size 80 coarsen threshold 460 Card regions per heap region 1 cards per card region 4096
 CPUs: 8 total, 8 available
 Memory: 16064M
 Large Page Support: Disabled
 NUMA Support: Disabled
 Compressed Oops: Enabled (Zero based)
 Heap Region Size: 2M
 Heap Min Capacity: 8M
 Heap Initial Capacity: 252M
 Heap Max Capacity: 4018M
 Pre-touch: Disabled
 Parallel Workers: 8
 Concurrent Workers: 2
 Concurrent Refinement Workers: 8
 Periodic GC: Disabled
Heap:
 garbage-first heap   total 61440K, used 33224K [0x0000000704e00000, 0x0000000800000000)
  region size 2048K, 3 young (6144K), 2 survivors (4096K)
 Metaspace       used 67365K, committed 68032K, reserved 1114112K
  class space    used 8917K, committed 9216K, reserved 1048576K
GC Heap History (20 events):
Event: 10.095 GC heap before
{Heap before GC invocations=4 (full 0):
 garbage-first heap   total 61440K, used 43593K [0x0000000704e00000, 0x0000000800000000)
  region size 2048K, 18 young (36864K), 4 survivors (8192K)
 Metaspace       used 25571K, committed 26048K, reserved 1114112K
  class space    used 3166K, committed 3392K, reserved 1048576K
}
Event: 10.117 GC heap after
{Heap after GC invocations=5 (full 0):
 garbage-first heap   total 61440K, used 17917K [0x0000000704e00000, 0x0000000800000000)
  region size 2048K, 2 young (4096K), 2 survivors (4096K)
 Metaspace       used 25571K, committed 26048K, reserved 1114112K
  class space    used 3166K, committed 3392K, reserved 1048576K
}
Event: 26.530 GC heap before
{Heap before GC invocations=5 (full 0):
 garbage-first heap   total 61440K, used 44541K [0x0000000704e00000, 0x0000000800000000)
  region size 2048K, 15 young (30720K), 2 survivors (4096K)
 Metaspace       used 30722K, committed 31296K, reserved 1114112K
  class space    used 3845K, committed 4096K, reserved 1048576K
}
Event: 26.540 GC heap after
{Heap after GC invocations=6 (full 0):
 garbage-first heap   total 61440K, used 19732K [0x0000000704e00000, 0x0000000800000000)
  region size 2048K, 2 young (4096K), 2 survivors (4096K)
 Metaspace       used 30722K, committed 31296K, reserved 1114112K
  class space    used 3845K, committed 4096K, reserved 1048576K
}
Event: 29.394 GC heap before
{Heap before GC invocations=6 (full 0):
 garbage-first heap   total 61440K, used 36116K [0x0000000704e00000, 0x0000000800000000)
  region size 2048K, 11 young (22528K), 2 survivors (4096K)
 Metaspace       used 35454K, committed 35968K, reserved 1114112K
  class space    used 4503K, committed 4736K, reserved 1048576K
}
Event: 29.400 GC heap after
{Heap after GC invocations=7 (full 0):
 garbage-first heap   total 61440K, used 20739K [0x0000000704e00000, 0x0000000800000000)
  region size 2048K, 1 young (2048K), 1 survivors (2048K)
 Metaspace       used 35454K, committed 35968K, reserved 1114112K
  class space    used 4503K, committed 4736K, reserved 1048576K
}
Event: 32.331 GC heap before
{Heap before GC invocations=8 (full 0):
 garbage-first heap   total 61440K, used 49411K [0x0000000704e00000, 0x0000000800000000)
  region size 2048K, 15 young (30720K), 1 survivors (2048K)
 Metaspace       used 43276K, committed 43904K, reserved 1114112K
  class space    used 5602K, committed 5888K, reserved 1048576K
}
Event: 32.336 GC heap after
{Heap after GC invocations=9 (full 0):
 garbage-first heap   total 61440K, used 23441K [0x0000000704e00000, 0x0000000800000000)
  region size 2048K, 2 young (4096K), 2 survivors (4096K)
 Metaspace       used 43276K, committed 43904K, reserved 1114112K
  class space    used 5602K, committed 5888K, reserved 1048576K
}
Event: 36.352 GC heap before
{Heap before GC invocations=9 (full 0):
 garbage-first heap   total 61440K, used 48017K [0x0000000704e00000, 0x0000000800000000)
  region size 2048K, 15 young (30720K), 2 survivors (4096K)
 Metaspace       used 51428K, committed 52032K, reserved 1114112K
  class space    used 6739K, committed 7040K, reserved 1048576K
}
Event: 36.363 GC heap after
{Heap after GC invocations=10 (full 0):
 garbage-first heap   total 61440K, used 24993K [0x0000000704e00000, 0x0000000800000000)
  region size 2048K, 1 young (2048K), 1 survivors (2048K)
 Metaspace       used 51428K, committed 52032K, reserved 1114112K
  class space    used 6739K, committed 7040K, reserved 1048576K
}
Event: 38.850 GC heap before
{Heap before GC invocations=10 (full 0):
 garbage-first heap   total 61440K, used 49569K [0x0000000704e00000, 0x0000000800000000)
  region size 2048K, 13 young (26624K), 1 survivors (2048K)
 Metaspace       used 54718K, committed 55296K, reserved 1114112K
  class space    used 7231K, committed 7488K, reserved 1048576K
}
Event: 38.856 GC heap after
{Heap after GC invocations=11 (full 0):
 garbage-first heap   total 61440K, used 25772K [0x0000000704e00000, 0x0000000800000000)
  region size 2048K, 2 young (4096K), 2 survivors (4096K)
 Metaspace       used 54718K, committed 55296K, reserved 1114112K
  class space    used 7231K, committed 7488K, reserved 1048576K
}
Event: 52.331 GC heap before
{Heap before GC invocations=11 (full 0):
 garbage-first heap   total 61440K, used 46252K [0x0000000704e00000, 0x0000000800000000)
  region size 2048K, 13 young (26624K), 2 survivors (4096K)
 Metaspace       used 59477K, committed 60096K, reserved 1114112K
  class space    used 7779K, committed 8064K, reserved 1048576K
}
Event: 52.340 GC heap after
{Heap after GC invocations=12 (full 0):
 garbage-first heap   total 61440K, used 27726K [0x0000000704e00000, 0x0000000800000000)
  region size 2048K, 2 young (4096K), 2 survivors (4096K)
 Metaspace       used 59477K, committed 60096K, reserved 1114112K
  class space    used 7779K, committed 8064K, reserved 1048576K
}
Event: 55.753 GC heap before
{Heap before GC invocations=13 (full 0):
 garbage-first heap   total 61440K, used 50254K [0x0000000704e00000, 0x0000000800000000)
  region size 2048K, 13 young (26624K), 2 survivors (4096K)
 Metaspace       used 61978K, committed 62720K, reserved 1114112K
  class space    used 8184K, committed 8512K, reserved 1048576K
}
Event: 55.766 GC heap after
{Heap after GC invocations=14 (full 0):
 garbage-first heap   total 61440K, used 29491K [0x0000000704e00000, 0x0000000800000000)
  region size 2048K, 2 young (4096K), 2 survivors (4096K)
 Metaspace       used 61978K, committed 62720K, reserved 1114112K
  class space    used 8184K, committed 8512K, reserved 1048576K
}
Event: 57.464 GC heap before
{Heap before GC invocations=14 (full 0):
 garbage-first heap   total 61440K, used 52019K [0x0000000704e00000, 0x0000000800000000)
  region size 2048K, 13 young (26624K), 2 survivors (4096K)
 Metaspace       used 64515K, committed 65280K, reserved 1114112K
  class space    used 8526K, committed 8896K, reserved 1048576K
}
Event: 57.476 GC heap after
{Heap after GC invocations=15 (full 0):
 garbage-first heap   total 61440K, used 31211K [0x0000000704e00000, 0x0000000800000000)
  region size 2048K, 2 young (4096K), 2 survivors (4096K)
 Metaspace       used 64515K, committed 65280K, reserved 1114112K
  class space    used 8526K, committed 8896K, reserved 1048576K
}
Event: 1804.493 GC heap before
{Heap before GC invocations=15 (full 0):
 garbage-first heap   total 61440K, used 51691K [0x0000000704e00000, 0x0000000800000000)
  region size 2048K, 12 young (24576K), 2 survivors (4096K)
 Metaspace       used 67364K, committed 68032K, reserved 1114112K
  class space    used 8917K, committed 9216K, reserved 1048576K
}
Event: 1804.521 GC heap after
{Heap after GC invocations=16 (full 0):
 garbage-first heap   total 61440K, used 33224K [0x0000000704e00000, 0x0000000800000000)
  region size 2048K, 2 young (4096K), 2 survivors (4096K)
 Metaspace       used 67364K, committed 68032K, reserved 1114112K
  class space    used 8917K, committed 9216K, reserved 1048576K
}

